<?xml version="1.0" encoding="UTF-8"?>
<testng-results skipped="0" failed="2" ignored="0" total="2" passed="0">
  <reporter-output>
  </reporter-output>
  <suite name="Gmail Account Test Automation Suite" duration-ms="83398" started-at="2019-01-18T10:37:28Z" finished-at="2019-01-18T10:38:51Z">
    <groups>
    </groups>
    <test name="Gmail Account Tests" duration-ms="83398" started-at="2019-01-18T10:37:28Z" finished-at="2019-01-18T10:38:51Z">
      <class name="com.example.qa.tests.InboxPageTest">
        <test-method status="PASS" signature="setUp()[pri:0, instance:com.example.qa.tests.InboxPageTest@6a41eaa2]" name="setUp" is-config="true" duration-ms="8866" started-at="2019-01-18T10:37:28Z" finished-at="2019-01-18T10:37:37Z">
          <reporter-output>
          </reporter-output>
        </test-method> <!-- setUp -->
        <test-method status="FAIL" signature="findEmailTest(java.lang.String, java.lang.String, java.lang.String)[pri:1, instance:com.example.qa.tests.InboxPageTest@6a41eaa2]" name="findEmailTest" duration-ms="31836" started-at="2019-01-18T10:37:37Z" data-provider="testData" finished-at="2019-01-18T10:38:09Z">
          <params>
            <param index="0">
              <value>
                <![CDATA[test.one@gmail.com]]>
              </value>
            </param>
            <param index="1">
              <value>
                <![CDATA[test.password]]>
              </value>
            </param>
            <param index="2">
              <value>
                <![CDATA[Invitation]]>
              </value>
            </param>
          </params>
          <exception class="java.lang.AssertionError">
            <message>
              <![CDATA[expected [true] but found [false]]]>
            </message>
            <full-stacktrace>
              <![CDATA[java.lang.AssertionError: expected [true] but found [false]
at org.testng.Assert.fail(Assert.java:96)
at org.testng.Assert.failNotEquals(Assert.java:776)
at org.testng.Assert.assertTrue(Assert.java:44)
at org.testng.Assert.assertTrue(Assert.java:54)
at com.example.qa.tests.InboxPageTest.findEmailTest(InboxPageTest.java:51)
at sun.reflect.NativeMethodAccessorImpl.invoke0(Native Method)
at sun.reflect.NativeMethodAccessorImpl.invoke(NativeMethodAccessorImpl.java:62)
at sun.reflect.DelegatingMethodAccessorImpl.invoke(DelegatingMethodAccessorImpl.java:43)
at java.lang.reflect.Method.invoke(Method.java:483)
at org.testng.internal.MethodInvocationHelper.invokeMethod(MethodInvocationHelper.java:124)
at org.testng.internal.Invoker.invokeMethod(Invoker.java:583)
at org.testng.internal.Invoker.invokeTestMethod(Invoker.java:719)
at org.testng.internal.Invoker.invokeTestMethods(Invoker.java:989)
at org.testng.internal.TestMethodWorker.invokeTestMethods(TestMethodWorker.java:125)
at org.testng.internal.TestMethodWorker.run(TestMethodWorker.java:109)
at org.testng.TestRunner.privateRun(TestRunner.java:648)
at org.testng.TestRunner.run(TestRunner.java:505)
at org.testng.SuiteRunner.runTest(SuiteRunner.java:455)
at org.testng.SuiteRunner.runSequentially(SuiteRunner.java:450)
at org.testng.SuiteRunner.privateRun(SuiteRunner.java:415)
at org.testng.SuiteRunner.run(SuiteRunner.java:364)
at org.testng.SuiteRunnerWorker.runSuite(SuiteRunnerWorker.java:52)
at org.testng.SuiteRunnerWorker.run(SuiteRunnerWorker.java:84)
at org.testng.TestNG.runSuitesSequentially(TestNG.java:1208)
at org.testng.TestNG.runSuitesLocally(TestNG.java:1137)
at org.testng.TestNG.runSuites(TestNG.java:1049)
at org.testng.TestNG.run(TestNG.java:1017)
at org.testng.remote.AbstractRemoteTestNG.run(AbstractRemoteTestNG.java:114)
at org.testng.remote.RemoteTestNG.initAndRun(RemoteTestNG.java:251)
at org.testng.remote.RemoteTestNG.main(RemoteTestNG.java:77)
]]>
            </full-stacktrace>
          </exception> <!-- java.lang.AssertionError -->
          <reporter-output>
          </reporter-output>
        </test-method> <!-- findEmailTest -->
        <test-method status="PASS" signature="tearDown()[pri:0, instance:com.example.qa.tests.InboxPageTest@6a41eaa2]" name="tearDown" is-config="true" duration-ms="659" started-at="2019-01-18T10:38:09Z" finished-at="2019-01-18T10:38:09Z">
          <reporter-output>
          </reporter-output>
        </test-method> <!-- tearDown -->
        <test-method status="PASS" signature="setUp()[pri:0, instance:com.example.qa.tests.InboxPageTest@6a41eaa2]" name="setUp" is-config="true" duration-ms="8949" started-at="2019-01-18T10:38:09Z" finished-at="2019-01-18T10:38:18Z">
          <reporter-output>
          </reporter-output>
        </test-method> <!-- setUp -->
        <test-method status="FAIL" signature="findEmailTest(java.lang.String, java.lang.String, java.lang.String)[pri:1, instance:com.example.qa.tests.InboxPageTest@6a41eaa2]" name="findEmailTest" duration-ms="32117" started-at="2019-01-18T10:38:18Z" data-provider="testData" finished-at="2019-01-18T10:38:51Z">
          <params>
            <param index="0">
              <value>
                <![CDATA[test.two@gmail.com]]>
              </value>
            </param>
            <param index="1">
              <value>
                <![CDATA[test.password]]>
              </value>
            </param>
            <param index="2">
              <value>
                <![CDATA[Reminder]]>
              </value>
            </param>
          </params>
          <exception class="java.lang.AssertionError">
            <message>
              <![CDATA[expected [true] but found [false]]]>
            </message>
            <full-stacktrace>
              <![CDATA[java.lang.AssertionError: expected [true] but found [false]
at org.testng.Assert.fail(Assert.java:96)
at org.testng.Assert.failNotEquals(Assert.java:776)
at org.testng.Assert.assertTrue(Assert.java:44)
at org.testng.Assert.assertTrue(Assert.java:54)
at com.example.qa.tests.InboxPageTest.findEmailTest(InboxPageTest.java:51)
at sun.reflect.NativeMethodAccessorImpl.invoke0(Native Method)
at sun.reflect.NativeMethodAccessorImpl.invoke(NativeMethodAccessorImpl.java:62)
at sun.reflect.DelegatingMethodAccessorImpl.invoke(DelegatingMethodAccessorImpl.java:43)
at java.lang.reflect.Method.invoke(Method.java:483)
at org.testng.internal.MethodInvocationHelper.invokeMethod(MethodInvocationHelper.java:124)
at org.testng.internal.Invoker.invokeMethod(Invoker.java:583)
at org.testng.internal.Invoker.invokeTestMethod(Invoker.java:719)
at org.testng.internal.Invoker.invokeTestMethods(Invoker.java:989)
at org.testng.internal.TestMethodWorker.invokeTestMethods(TestMethodWorker.java:125)
at org.testng.internal.TestMethodWorker.run(TestMethodWorker.java:109)
at org.testng.TestRunner.privateRun(TestRunner.java:648)
at org.testng.TestRunner.run(TestRunner.java:505)
at org.testng.SuiteRunner.runTest(SuiteRunner.java:455)
at org.testng.SuiteRunner.runSequentially(SuiteRunner.java:450)
at org.testng.SuiteRunner.privateRun(SuiteRunner.java:415)
at org.testng.SuiteRunner.run(SuiteRunner.java:364)
at org.testng.SuiteRunnerWorker.runSuite(SuiteRunnerWorker.java:52)
at org.testng.SuiteRunnerWorker.run(SuiteRunnerWorker.java:84)
at org.testng.TestNG.runSuitesSequentially(TestNG.java:1208)
at org.testng.TestNG.runSuitesLocally(TestNG.java:1137)
at org.testng.TestNG.runSuites(TestNG.java:1049)
at org.testng.TestNG.run(TestNG.java:1017)
at org.testng.remote.AbstractRemoteTestNG.run(AbstractRemoteTestNG.java:114)
at org.testng.remote.RemoteTestNG.initAndRun(RemoteTestNG.java:251)
at org.testng.remote.RemoteTestNG.main(RemoteTestNG.java:77)
]]>
            </full-stacktrace>
          </exception> <!-- java.lang.AssertionError -->
          <reporter-output>
          </reporter-output>
        </test-method> <!-- findEmailTest -->
        <test-method status="PASS" signature="tearDown()[pri:0, instance:com.example.qa.tests.InboxPageTest@6a41eaa2]" name="tearDown" is-config="true" duration-ms="638" started-at="2019-01-18T10:38:51Z" finished-at="2019-01-18T10:38:51Z">
          <reporter-output>
          </reporter-output>
        </test-method> <!-- tearDown -->
      </class> <!-- com.example.qa.tests.InboxPageTest -->
    </test> <!-- Gmail Account Tests -->
  </suite> <!-- Gmail Account Test Automation Suite -->
</testng-results>
